<?xml version="1.0"?>
<testsuite name="Chrome 54.0.2840 (Mac OS X 10.12.0)" package="" timestamp="2016-12-01T19:00:04" id="0" hostname="Niveditas-MacBook-Pro.local" tests="17" errors="0" failures="5" time="0.113">
  <properties>
    <property name="browser.fullName" value="Mozilla/5.0 (Macintosh; Intel Mac OS X 10_12_0) AppleWebKit/537.36 (KHTML, like Gecko) Chrome/54.0.2840.98 Safari/537.36"/>
  </properties>
  <testcase name="allEventsCtrl allevents Controller1 checks event is spliced out of favorites successfully " time="0.033" classname="Chrome_54_0_2840_(Mac_OS_X_10_12_0).allEventsCtrl"/>
  <testcase name="allEventsCtrl allevents Controller2 checks event is spliced out of favorites successfully " time="0.005" classname="Chrome_54_0_2840_(Mac_OS_X_10_12_0).allEventsCtrl"/>
  <testcase name="allEventsCtrl allevents Controller3 checks event is spliced out of favorites successfully " time="0.002" classname="Chrome_54_0_2840_(Mac_OS_X_10_12_0).allEventsCtrl"/>
  <testcase name="allEventsCtrl allevents Controller4 checks event is spliced out of favorites successfully " time="0.003" classname="Chrome_54_0_2840_(Mac_OS_X_10_12_0).allEventsCtrl"/>
  <testcase name="EventDetailsController Event Details Controller check behaviour on add to calendar button click " time="0.007" classname="Chrome_54_0_2840_(Mac_OS_X_10_12_0).EventDetailsController">
    <failure type="">Error: [$injector:modulerr] Failed to instantiate module ngCordova due to:
</failure>
    <failure type="">Error: [$injector:nomod] Module 'ngCordova' is not available! You either misspelled the module name or forgot to load it. If registering a module ensure that you specify the dependencies as the second argument.
</failure>
    <failure type="">http://errors.angularjs.org/1.5.8/$injector/nomod?p0=ngCordova
</failure>
    <failure type="">    at node_modules/angular/angular.js:68:12
</failure>
    <failure type="">    at node_modules/angular/angular.js:2082:17
</failure>
    <failure type="">    at ensure (node_modules/angular/angular.js:2006:38)
</failure>
    <failure type="">    at module (node_modules/angular/angular.js:2080:14)
</failure>
    <failure type="">    at node_modules/angular/angular.js:4617:22
</failure>
    <failure type="">    at forEach (node_modules/angular/angular.js:321:20)
</failure>
    <failure type="">    at loadModules (node_modules/angular/angular.js:4601:5)
</failure>
    <failure type="">    at Object.createInjector [as injector] (node_modules/angular/angular.js:4523:19)
</failure>
    <failure type="">    at Object.workFn (node_modules/angular-mocks/angular-mocks.js:3074:52)
</failure>
    <failure type="">http://errors.angularjs.org/1.5.8/$injector/modulerr?p0=ngCordova&amp;p1=Error%3A%20%5B%24injector%3Anomod%5D%20Module%20'ngCordova'%20is%20not%20available!%20You%20either%20misspelled%20the%20module%20name%20or%20forgot%20to%20load%20it.%20If%20registering%20a%20module%20ensure%20that%20you%20specify%20the%20dependencies%20as%20the%20second%20argument.%0Ahttp%3A%2F%2Ferrors.angularjs.org%2F1.5.8%2F%24injector%2Fnomod%3Fp0%3DngCordova%0A%20%20%20%20at%20http%3A%2F%2Flocalhost%3A9876%2Fbase%2Fnode_modules%2Fangular%2Fangular.js%3F97675784c569203f630eef706dfd0570d8c4071b%3A68%3A12%0A%20%20%20%20at%20http%3A%2F%2Flocalhost%3A9876%2Fbase%2Fnode_modules%2Fangular%2Fangular.js%3F97675784c569203f630eef706dfd0570d8c4071b%3A2082%3A17%0A%20%20%20%20at%20ensure%20(http%3A%2F%2Flocalhost%3A9876%2Fbase%2Fnode_modules%2Fangular%2Fangular.js%3F97675784c569203f630eef706dfd0570d8c4071b%3A2006%3A38)%0A%20%20%20%20at%20module%20(http%3A%2F%2Flocalhost%3A9876%2Fbase%2Fnode_modules%2Fangular%2Fangular.js%3F97675784c569203f630eef706dfd0570d8c4071b%3A2080%3A14)%0A%20%20%20%20at%20http%3A%2F%2Flocalhost%3A9876%2Fbase%2Fnode_modules%2Fangular%2Fangular.js%3F97675784c569203f630eef706dfd0570d8c4071b%3A4617%3A22%0A%20%20%20%20at%20forEach%20(http%3A%2F%2Flocalhost%3A9876%2Fbase%2Fnode_modules%2Fangular%2Fangular.js%3F97675784c569203f630eef706dfd0570d8c4071b%3A321%3A20)%0A%20%20%20%20at%20loadModules%20(http%3A%2F%2Flocalhost%3A9876%2Fbase%2Fnode_modules%2Fangular%2Fangular.js%3F97675784c569203f630eef706dfd0570d8c4071b%3A4601%3A5)%0A%20%20%20%20at%20Object.createInjector%20%5Bas%20injector%5D%20(http%3A%2F%2Flocalhost%3A9876%2Fbase%2Fnode_modules%2Fangular%2Fangular.js%3F97675784c569203f630eef706dfd0570d8c4071b%3A4523%3A19)%0A%20%20%20%20at%20Object.workFn%20(http%3A%2F%2Flocalhost%3A9876%2Fbase%2Fnode_modules%2Fangular-mocks%2Fangular-mocks.js%3F379b5d4c121a4c986fb630e7d90a3b1684bf4c9c%3A3074%3A52)%0A%20%20%20%20at%20attemptSync%20(http%3A%2F%2Flocalhost%3A9876%2F%2Fusr%2Flocal%2Flib%2Fnode_modules%2Fjasmine-core%2Flib%2Fjasmine-core%2Fjasmine.js%3F916005cc407925f4764668d61d04888d59258f5d%3A1950%3A24)
</failure>
    <failure type="">    at node_modules/angular/angular.js:68:12
</failure>
    <failure type="">    at forEach (node_modules/angular/angular.js:321:20)
</failure>
    <failure type="">    at loadModules (node_modules/angular/angular.js:4601:5)
</failure>
    <failure type="">    at Object.createInjector [as injector] (node_modules/angular/angular.js:4523:19)
</failure>
    <failure type="">    at Object.workFn (node_modules/angular-mocks/angular-mocks.js:3074:52)
</failure>
    <failure type="">    at node_modules/angular/angular.js:4640:15
</failure>
    <failure type="">ReferenceError: $stateParams is not defined
</failure>
    <failure type="">    at Object.&lt;anonymous&gt; (www/tests/event_details_test.js:9:1888)
</failure>
  </testcase>
  <testcase name="EventDetailsController Event Details Controller check behaviour on share to facebook button click " time="0.002" classname="Chrome_54_0_2840_(Mac_OS_X_10_12_0).EventDetailsController">
    <failure type="">Error: [$injector:modulerr] Failed to instantiate module ngCordova due to:
</failure>
    <failure type="">Error: [$injector:nomod] Module 'ngCordova' is not available! You either misspelled the module name or forgot to load it. If registering a module ensure that you specify the dependencies as the second argument.
</failure>
    <failure type="">http://errors.angularjs.org/1.5.8/$injector/nomod?p0=ngCordova
</failure>
    <failure type="">    at node_modules/angular/angular.js:68:12
</failure>
    <failure type="">    at node_modules/angular/angular.js:2082:17
</failure>
    <failure type="">    at ensure (node_modules/angular/angular.js:2006:38)
</failure>
    <failure type="">    at module (node_modules/angular/angular.js:2080:14)
</failure>
    <failure type="">    at node_modules/angular/angular.js:4617:22
</failure>
    <failure type="">    at forEach (node_modules/angular/angular.js:321:20)
</failure>
    <failure type="">    at loadModules (node_modules/angular/angular.js:4601:5)
</failure>
    <failure type="">    at Object.createInjector [as injector] (node_modules/angular/angular.js:4523:19)
</failure>
    <failure type="">    at Object.workFn (node_modules/angular-mocks/angular-mocks.js:3074:52)
</failure>
    <failure type="">http://errors.angularjs.org/1.5.8/$injector/modulerr?p0=ngCordova&amp;p1=Error%3A%20%5B%24injector%3Anomod%5D%20Module%20'ngCordova'%20is%20not%20available!%20You%20either%20misspelled%20the%20module%20name%20or%20forgot%20to%20load%20it.%20If%20registering%20a%20module%20ensure%20that%20you%20specify%20the%20dependencies%20as%20the%20second%20argument.%0Ahttp%3A%2F%2Ferrors.angularjs.org%2F1.5.8%2F%24injector%2Fnomod%3Fp0%3DngCordova%0A%20%20%20%20at%20http%3A%2F%2Flocalhost%3A9876%2Fbase%2Fnode_modules%2Fangular%2Fangular.js%3F97675784c569203f630eef706dfd0570d8c4071b%3A68%3A12%0A%20%20%20%20at%20http%3A%2F%2Flocalhost%3A9876%2Fbase%2Fnode_modules%2Fangular%2Fangular.js%3F97675784c569203f630eef706dfd0570d8c4071b%3A2082%3A17%0A%20%20%20%20at%20ensure%20(http%3A%2F%2Flocalhost%3A9876%2Fbase%2Fnode_modules%2Fangular%2Fangular.js%3F97675784c569203f630eef706dfd0570d8c4071b%3A2006%3A38)%0A%20%20%20%20at%20module%20(http%3A%2F%2Flocalhost%3A9876%2Fbase%2Fnode_modules%2Fangular%2Fangular.js%3F97675784c569203f630eef706dfd0570d8c4071b%3A2080%3A14)%0A%20%20%20%20at%20http%3A%2F%2Flocalhost%3A9876%2Fbase%2Fnode_modules%2Fangular%2Fangular.js%3F97675784c569203f630eef706dfd0570d8c4071b%3A4617%3A22%0A%20%20%20%20at%20forEach%20(http%3A%2F%2Flocalhost%3A9876%2Fbase%2Fnode_modules%2Fangular%2Fangular.js%3F97675784c569203f630eef706dfd0570d8c4071b%3A321%3A20)%0A%20%20%20%20at%20loadModules%20(http%3A%2F%2Flocalhost%3A9876%2Fbase%2Fnode_modules%2Fangular%2Fangular.js%3F97675784c569203f630eef706dfd0570d8c4071b%3A4601%3A5)%0A%20%20%20%20at%20Object.createInjector%20%5Bas%20injector%5D%20(http%3A%2F%2Flocalhost%3A9876%2Fbase%2Fnode_modules%2Fangular%2Fangular.js%3F97675784c569203f630eef706dfd0570d8c4071b%3A4523%3A19)%0A%20%20%20%20at%20Object.workFn%20(http%3A%2F%2Flocalhost%3A9876%2Fbase%2Fnode_modules%2Fangular-mocks%2Fangular-mocks.js%3F379b5d4c121a4c986fb630e7d90a3b1684bf4c9c%3A3074%3A52)%0A%20%20%20%20at%20attemptSync%20(http%3A%2F%2Flocalhost%3A9876%2F%2Fusr%2Flocal%2Flib%2Fnode_modules%2Fjasmine-core%2Flib%2Fjasmine-core%2Fjasmine.js%3F916005cc407925f4764668d61d04888d59258f5d%3A1950%3A24)
</failure>
    <failure type="">    at node_modules/angular/angular.js:68:12
</failure>
    <failure type="">    at forEach (node_modules/angular/angular.js:321:20)
</failure>
    <failure type="">    at loadModules (node_modules/angular/angular.js:4601:5)
</failure>
    <failure type="">    at Object.createInjector [as injector] (node_modules/angular/angular.js:4523:19)
</failure>
    <failure type="">    at Object.workFn (node_modules/angular-mocks/angular-mocks.js:3074:52)
</failure>
    <failure type="">    at node_modules/angular/angular.js:4640:15
</failure>
    <failure type="">TypeError: $controller is not a function
</failure>
    <failure type="">    at Object.&lt;anonymous&gt; (www/tests/event_details_test.js:9:2688)
</failure>
  </testcase>
  <testcase name="EventController Event Controller checks if navigated to event details page " time="0.003" classname="Chrome_54_0_2840_(Mac_OS_X_10_12_0).EventController">
    <failure type="">Error: [$injector:unpr] Unknown provider: $ionicFilterBarProvider &lt;- $ionicFilterBar &lt;- EventCtrl
</failure>
    <failure type="">http://errors.angularjs.org/1.5.8/$injector/unpr?p0=%24ionicFilterBarProvider%20%3C-%20%24ionicFilterBar%20%3C-%20EventCtrl
</failure>
    <failure type="">    at node_modules/angular/angular.js:68:12
</failure>
    <failure type="">    at node_modules/angular/angular.js:4511:19
</failure>
    <failure type="">    at Object.getService [as get] (node_modules/angular/angular.js:4664:39)
</failure>
    <failure type="">    at node_modules/angular/angular.js:4516:45
</failure>
    <failure type="">    at getService (node_modules/angular/angular.js:4664:39)
</failure>
    <failure type="">    at injectionArgs (node_modules/angular/angular.js:4688:58)
</failure>
    <failure type="">    at Object.instantiate (node_modules/angular/angular.js:4730:18)
</failure>
    <failure type="">    at $controller (node_modules/angular/angular.js:10369:28)
</failure>
    <failure type="">    at node_modules/angular-mocks/angular-mocks.js:2221:12
</failure>
    <failure type="">    at Object.&lt;anonymous&gt; (www/tests/event_test.js:9:1105)
</failure>
  </testcase>
  <testcase name="EventController Event Controller checks no navigation to event details page since event details id is wrong" time="0.003" classname="Chrome_54_0_2840_(Mac_OS_X_10_12_0).EventController">
    <failure type="">Error: [$injector:unpr] Unknown provider: $ionicFilterBarProvider &lt;- $ionicFilterBar &lt;- EventCtrl
</failure>
    <failure type="">http://errors.angularjs.org/1.5.8/$injector/unpr?p0=%24ionicFilterBarProvider%20%3C-%20%24ionicFilterBar%20%3C-%20EventCtrl
</failure>
    <failure type="">    at node_modules/angular/angular.js:68:12
</failure>
    <failure type="">    at node_modules/angular/angular.js:4511:19
</failure>
    <failure type="">    at Object.getService [as get] (node_modules/angular/angular.js:4664:39)
</failure>
    <failure type="">    at node_modules/angular/angular.js:4516:45
</failure>
    <failure type="">    at getService (node_modules/angular/angular.js:4664:39)
</failure>
    <failure type="">    at injectionArgs (node_modules/angular/angular.js:4688:58)
</failure>
    <failure type="">    at Object.instantiate (node_modules/angular/angular.js:4730:18)
</failure>
    <failure type="">    at $controller (node_modules/angular/angular.js:10369:28)
</failure>
    <failure type="">    at node_modules/angular-mocks/angular-mocks.js:2221:12
</failure>
    <failure type="">    at Object.&lt;anonymous&gt; (www/tests/event_test.js:9:1787)
</failure>
  </testcase>
  <testcase name="EventController Event Controller checks no navigation to event details page since event details id is wrong" time="0.003" classname="Chrome_54_0_2840_(Mac_OS_X_10_12_0).EventController">
    <failure type="">Error: [$injector:unpr] Unknown provider: $ionicFilterBarProvider &lt;- $ionicFilterBar &lt;- EventCtrl
</failure>
    <failure type="">http://errors.angularjs.org/1.5.8/$injector/unpr?p0=%24ionicFilterBarProvider%20%3C-%20%24ionicFilterBar%20%3C-%20EventCtrl
</failure>
    <failure type="">    at node_modules/angular/angular.js:68:12
</failure>
    <failure type="">    at node_modules/angular/angular.js:4511:19
</failure>
    <failure type="">    at Object.getService [as get] (node_modules/angular/angular.js:4664:39)
</failure>
    <failure type="">    at node_modules/angular/angular.js:4516:45
</failure>
    <failure type="">    at getService (node_modules/angular/angular.js:4664:39)
</failure>
    <failure type="">    at injectionArgs (node_modules/angular/angular.js:4688:58)
</failure>
    <failure type="">    at Object.instantiate (node_modules/angular/angular.js:4730:18)
</failure>
    <failure type="">    at $controller (node_modules/angular/angular.js:10369:28)
</failure>
    <failure type="">    at node_modules/angular-mocks/angular-mocks.js:2221:12
</failure>
    <failure type="">    at Object.&lt;anonymous&gt; (www/tests/event_test.js:9:2459)
</failure>
  </testcase>
  <testcase name="FavCtrl Favorites Controller1 checks event is spliced out of favorites successfully " time="0.007" classname="Chrome_54_0_2840_(Mac_OS_X_10_12_0).FavCtrl"/>
  <testcase name="FavCtrl Favorites Controller2 checks event is spliced out of favorites successfully " time="0.003" classname="Chrome_54_0_2840_(Mac_OS_X_10_12_0).FavCtrl"/>
  <testcase name="FavCtrl Favorites Controller3 checks event is spliced out of favorites successfully " time="0.004" classname="Chrome_54_0_2840_(Mac_OS_X_10_12_0).FavCtrl"/>
  <testcase name="FavCtrl Favorites Controller4 checks event is spliced out of favorites successfully " time="0.004" classname="Chrome_54_0_2840_(Mac_OS_X_10_12_0).FavCtrl"/>
  <testcase name="LoginCtrl Login Controller checks username and password validation " time="0.015" classname="Chrome_54_0_2840_(Mac_OS_X_10_12_0).LoginCtrl"/>
  <testcase name="SettingsCtrl SettingsCtrl checks redirection to favorites Page" time="0.004" classname="Chrome_54_0_2840_(Mac_OS_X_10_12_0).SettingsCtrl"/>
  <testcase name="SettingsCtrl SettingsCtrl checks redirection to AllEvents Page" time="0.007" classname="Chrome_54_0_2840_(Mac_OS_X_10_12_0).SettingsCtrl"/>
  <testcase name="SettingsCtrl SettingsCtrl checks redirection to Event List Page" time="0.008" classname="Chrome_54_0_2840_(Mac_OS_X_10_12_0).SettingsCtrl"/>
  <system-out>
    <![CDATA[Chrome 54.0.2840 (Mac OS X 10.12.0) LOG: 'all Events controller'
,Chrome 54.0.2840 (Mac OS X 10.12.0) LOG: 'inside alterFavourite'
,Chrome 54.0.2840 (Mac OS X 10.12.0) LOG: 'true yes'
,Chrome 54.0.2840 (Mac OS X 10.12.0) LOG: 'all Events controller'
,Chrome 54.0.2840 (Mac OS X 10.12.0) LOG: 'inside alterFavourite'
,Chrome 54.0.2840 (Mac OS X 10.12.0) LOG: 'true yes'
,Chrome 54.0.2840 (Mac OS X 10.12.0) LOG: 'all Events controller'
,Chrome 54.0.2840 (Mac OS X 10.12.0) LOG: 'inside alterFavourite'
,Chrome 54.0.2840 (Mac OS X 10.12.0) LOG: 'true no'
,Chrome 54.0.2840 (Mac OS X 10.12.0) LOG: 'all Events controller'
,Chrome 54.0.2840 (Mac OS X 10.12.0) LOG: 'inside alterFavourite'
,Chrome 54.0.2840 (Mac OS X 10.12.0) LOG: 'favorite controller'
,Chrome 54.0.2840 (Mac OS X 10.12.0) LOG: 'inside alterFavourite'
,Chrome 54.0.2840 (Mac OS X 10.12.0) LOG: 'true yes'
,Chrome 54.0.2840 (Mac OS X 10.12.0) LOG: 'favorite controller'
,Chrome 54.0.2840 (Mac OS X 10.12.0) LOG: 'inside alterFavourite'
,Chrome 54.0.2840 (Mac OS X 10.12.0) LOG: 'true yes'
,Chrome 54.0.2840 (Mac OS X 10.12.0) LOG: 'favorite controller'
,Chrome 54.0.2840 (Mac OS X 10.12.0) LOG: 'inside alterFavourite'
,Chrome 54.0.2840 (Mac OS X 10.12.0) LOG: 'true no'
,Chrome 54.0.2840 (Mac OS X 10.12.0) LOG: 'favorite controller'
,Chrome 54.0.2840 (Mac OS X 10.12.0) LOG: 'inside alterFavourite'
,Chrome 54.0.2840 (Mac OS X 10.12.0) LOG: 'inside login controller'
,Chrome 54.0.2840 (Mac OS X 10.12.0) LOG: 'inside settings controller'
,Chrome 54.0.2840 (Mac OS X 10.12.0) LOG: 'Mock transition to: preferences.favorites'
,Chrome 54.0.2840 (Mac OS X 10.12.0) LOG: 'inside settings controller'
,Chrome 54.0.2840 (Mac OS X 10.12.0) LOG: 'Mock transition to: preferences.events'
,Chrome 54.0.2840 (Mac OS X 10.12.0) LOG: 'inside settings controller'
,Chrome 54.0.2840 (Mac OS X 10.12.0) LOG: 'Mock transition to: event'

]]>
  </system-out>
  <system-err/>
</testsuite>