<?xml version="1.0"?>
<testsuite name="Chrome 54.0.2840 (Mac OS X 10.12.0)" package="" timestamp="2016-12-01T17:54:18" id="0" hostname="Niveditas-MacBook-Pro.local" tests="1" errors="0" failures="0" time="0.036">
  <properties>
    <property name="browser.fullName" value="Mozilla/5.0 (Macintosh; Intel Mac OS X 10_12_0) AppleWebKit/537.36 (KHTML, like Gecko) Chrome/54.0.2840.98 Safari/537.36"/>
  </properties>
  <testcase name="LoginCtrl Login Controller checks username and password validation " time="0.036" classname="Chrome_54_0_2840_(Mac_OS_X_10_12_0).LoginCtrl"/>
  <system-out>
    <![CDATA[Chrome 54.0.2840 (Mac OS X 10.12.0) LOG: 'inside login controller'

]]>
  </system-out>
  <system-err/>
</testsuite>