<?xml version="1.0"?>
<testsuite name="PhantomJS 2.1.1 (Mac OS X 0.0.0)" package="" timestamp="2016-12-01T11:35:25" id="0" hostname="Niveditas-MacBook-Pro.local" tests="1" errors="1" failures="1" time="0.009">
  <properties>
    <property name="browser.fullName" value="Mozilla/5.0 (Macintosh; Intel Mac OS X) AppleWebKit/538.1 (KHTML, like Gecko) PhantomJS/2.1.1 Safari/538.1"/>
  </properties>
  <testcase name="ctrl should assign data to scope" time="0.009" classname="PhantomJS_2_1_1_(Mac_OS_X_0_0_0).ctrl">
    <failure type="">node_modules/angular/angular.js:4641:53
</failure>
    <failure type="">forEach@node_modules/angular/angular.js:321:24
</failure>
    <failure type="">loadModules@node_modules/angular/angular.js:4601:12
</failure>
    <failure type="">createInjector@node_modules/angular/angular.js:4523:30
</failure>
    <failure type="">workFn@node_modules/angular-mocks/angular-mocks.js:3074:60
</failure>
    <failure type="">loaded@http://localhost:9876/context.js:151:17
</failure>
    <failure type="">TypeError: undefined is not an object (evaluating 'controller.signin') in www/tests/test.js (line 9)
</failure>
    <failure type="">www/tests/test.js:9:1612
</failure>
    <failure type="">loaded@http://localhost:9876/context.js:151:17
</failure>
  </testcase>
  <system-out>
    <![CDATA[
]]>
  </system-out>
  <system-err/>
</testsuite>