<?xml version="1.0"?>
<testsuite name="PhantomJS 2.1.1 (Mac OS X 0.0.0)" package="" timestamp="2016-11-24T07:36:17" id="0" hostname="Niveditas-MacBook-Pro.local" tests="23" errors="0" failures="5" time="0.148">
  <properties>
    <property name="browser.fullName" value="Mozilla/5.0 (Macintosh; Intel Mac OS X) AppleWebKit/538.1 (KHTML, like Gecko) PhantomJS/2.1.1 Safari/538.1"/>
  </properties>
  <testcase name="allEventsCtrl allevents Controller1 checks event is spliced out of favorites successfully " time="0.023" classname="PhantomJS_2_1_1_(Mac_OS_X_0_0_0).allEventsCtrl"/>
  <testcase name="allEventsCtrl allevents Controller2 checks event is spliced out of favorites successfully " time="0.006" classname="PhantomJS_2_1_1_(Mac_OS_X_0_0_0).allEventsCtrl"/>
  <testcase name="allEventsCtrl allevents Controller3 checks event is spliced out of favorites successfully " time="0.005" classname="PhantomJS_2_1_1_(Mac_OS_X_0_0_0).allEventsCtrl"/>
  <testcase name="allEventsCtrl allevents Controller4 checks event is spliced out of favorites successfully " time="0.006" classname="PhantomJS_2_1_1_(Mac_OS_X_0_0_0).allEventsCtrl"/>
  <testcase name="EventDetailsController Event Details Controller check behaviour on add to calendar button click " time="0.007" classname="PhantomJS_2_1_1_(Mac_OS_X_0_0_0).EventDetailsController">
    <failure type="">Error: [ng:areq] Argument 'eventDetails' is not a function, got undefined
</failure>
    <failure type="">http://errors.angularjs.org/1.5.8/ng/areq?p0=eventDetails&amp;p1=not%20a%20function%2C%20got%20undefined in node_modules/angular/angular.js (line 1892)
</failure>
    <failure type="">assertArg@node_modules/angular/angular.js:1892:91
</failure>
    <failure type="">assertArgFn@node_modules/angular/angular.js:1902:12
</failure>
    <failure type="">$controller@node_modules/angular/angular.js:10330:20
</failure>
    <failure type="">node_modules/angular-mocks/angular-mocks.js:2221:21
</failure>
    <failure type="">www/tests/event_details_test.js:9:1139
</failure>
    <failure type="">loaded@http://localhost:9877/context.js:151:17
</failure>
  </testcase>
  <testcase name="EventDetailsController Event Details Controller check behaviour on share to facebook button click " time="0.004" classname="PhantomJS_2_1_1_(Mac_OS_X_0_0_0).EventDetailsController">
    <failure type="">Error: [ng:areq] Argument 'eventDetails' is not a function, got undefined
</failure>
    <failure type="">http://errors.angularjs.org/1.5.8/ng/areq?p0=eventDetails&amp;p1=not%20a%20function%2C%20got%20undefined in node_modules/angular/angular.js (line 1892)
</failure>
    <failure type="">assertArg@node_modules/angular/angular.js:1892:91
</failure>
    <failure type="">assertArgFn@node_modules/angular/angular.js:1902:12
</failure>
    <failure type="">$controller@node_modules/angular/angular.js:10330:20
</failure>
    <failure type="">node_modules/angular-mocks/angular-mocks.js:2221:21
</failure>
    <failure type="">www/tests/event_details_test.js:9:1883
</failure>
    <failure type="">loaded@http://localhost:9877/context.js:151:17
</failure>
  </testcase>
  <testcase name="EventController Event Controller checks if navigated to event details page " time="0.004" classname="PhantomJS_2_1_1_(Mac_OS_X_0_0_0).EventController">
    <failure type="">Error: [$injector:unpr] Unknown provider: $ionicFilterBarProvider &lt;- $ionicFilterBar &lt;- EventCtrl
</failure>
    <failure type="">http://errors.angularjs.org/1.5.8/$injector/unpr?p0=%24ionicFilterBarProvider%20%3C-%20%24ionicFilterBar%20%3C-%20EventCtrl in node_modules/angular/angular.js (line 4511)
</failure>
    <failure type="">node_modules/angular/angular.js:4511:86
</failure>
    <failure type="">getService@node_modules/angular/angular.js:4664:46
</failure>
    <failure type="">node_modules/angular/angular.js:4516:48
</failure>
    <failure type="">getService@node_modules/angular/angular.js:4664:46
</failure>
    <failure type="">injectionArgs@node_modules/angular/angular.js:4688:68
</failure>
    <failure type="">instantiate@node_modules/angular/angular.js:4730:31
</failure>
    <failure type="">$controller@node_modules/angular/angular.js:10369:39
</failure>
    <failure type="">node_modules/angular-mocks/angular-mocks.js:2221:21
</failure>
    <failure type="">www/tests/event_test.js:9:1191
</failure>
    <failure type="">loaded@http://localhost:9877/context.js:151:17
</failure>
  </testcase>
  <testcase name="EventController Event Controller checks no navigation to event details page since event details id is wrong" time="0.002" classname="PhantomJS_2_1_1_(Mac_OS_X_0_0_0).EventController">
    <failure type="">Error: [$injector:unpr] Unknown provider: $ionicFilterBarProvider &lt;- $ionicFilterBar &lt;- EventCtrl
</failure>
    <failure type="">http://errors.angularjs.org/1.5.8/$injector/unpr?p0=%24ionicFilterBarProvider%20%3C-%20%24ionicFilterBar%20%3C-%20EventCtrl in node_modules/angular/angular.js (line 4511)
</failure>
    <failure type="">node_modules/angular/angular.js:4511:86
</failure>
    <failure type="">getService@node_modules/angular/angular.js:4664:46
</failure>
    <failure type="">node_modules/angular/angular.js:4516:48
</failure>
    <failure type="">getService@node_modules/angular/angular.js:4664:46
</failure>
    <failure type="">injectionArgs@node_modules/angular/angular.js:4688:68
</failure>
    <failure type="">instantiate@node_modules/angular/angular.js:4730:31
</failure>
    <failure type="">$controller@node_modules/angular/angular.js:10369:39
</failure>
    <failure type="">node_modules/angular-mocks/angular-mocks.js:2221:21
</failure>
    <failure type="">www/tests/event_test.js:9:1873
</failure>
    <failure type="">loaded@http://localhost:9877/context.js:151:17
</failure>
  </testcase>
  <testcase name="EventController Event Controller checks no navigation to event details page since event details id is wrong" time="0.003" classname="PhantomJS_2_1_1_(Mac_OS_X_0_0_0).EventController">
    <failure type="">Error: [$injector:unpr] Unknown provider: $ionicFilterBarProvider &lt;- $ionicFilterBar &lt;- EventCtrl
</failure>
    <failure type="">http://errors.angularjs.org/1.5.8/$injector/unpr?p0=%24ionicFilterBarProvider%20%3C-%20%24ionicFilterBar%20%3C-%20EventCtrl in node_modules/angular/angular.js (line 4511)
</failure>
    <failure type="">node_modules/angular/angular.js:4511:86
</failure>
    <failure type="">getService@node_modules/angular/angular.js:4664:46
</failure>
    <failure type="">node_modules/angular/angular.js:4516:48
</failure>
    <failure type="">getService@node_modules/angular/angular.js:4664:46
</failure>
    <failure type="">injectionArgs@node_modules/angular/angular.js:4688:68
</failure>
    <failure type="">instantiate@node_modules/angular/angular.js:4730:31
</failure>
    <failure type="">$controller@node_modules/angular/angular.js:10369:39
</failure>
    <failure type="">node_modules/angular-mocks/angular-mocks.js:2221:21
</failure>
    <failure type="">www/tests/event_test.js:9:2545
</failure>
    <failure type="">loaded@http://localhost:9877/context.js:151:17
</failure>
  </testcase>
  <testcase name="FavCtrl Favorites Controller1 checks event is spliced out of favorites successfully " time="0.01" classname="PhantomJS_2_1_1_(Mac_OS_X_0_0_0).FavCtrl"/>
  <testcase name="FavCtrl Favorites Controller2 checks event is spliced out of favorites successfully " time="0.008" classname="PhantomJS_2_1_1_(Mac_OS_X_0_0_0).FavCtrl"/>
  <testcase name="FavCtrl Favorites Controller3 checks event is spliced out of favorites successfully " time="0.004" classname="PhantomJS_2_1_1_(Mac_OS_X_0_0_0).FavCtrl"/>
  <testcase name="FavCtrl Favorites Controller4 checks event is spliced out of favorites successfully " time="0.004" classname="PhantomJS_2_1_1_(Mac_OS_X_0_0_0).FavCtrl"/>
  <testcase name="LoginCtrl Login Controller checks username and password validation " time="0.007" classname="PhantomJS_2_1_1_(Mac_OS_X_0_0_0).LoginCtrl"/>
  <testcase name="LoginCtrl Login Controller checks username and password validation " time="0.003" classname="PhantomJS_2_1_1_(Mac_OS_X_0_0_0).LoginCtrl"/>
  <testcase name="LoginCtrl Login Controller checks username and password validation " time="0.003" classname="PhantomJS_2_1_1_(Mac_OS_X_0_0_0).LoginCtrl"/>
  <testcase name="LoginCtrl Login Controller checks username and password validation " time="0.002" classname="PhantomJS_2_1_1_(Mac_OS_X_0_0_0).LoginCtrl"/>
  <testcase name="LoginCtrl Login Controller checks username and password validation " time="0.003" classname="PhantomJS_2_1_1_(Mac_OS_X_0_0_0).LoginCtrl"/>
  <testcase name="LoginCtrl Login Controller checks username and password validation " time="0.01" classname="PhantomJS_2_1_1_(Mac_OS_X_0_0_0).LoginCtrl"/>
  <testcase name="LoginCtrl Login Controller checks username and password validation " time="0.025" classname="PhantomJS_2_1_1_(Mac_OS_X_0_0_0).LoginCtrl"/>
  <testcase name="SettingsCtrl SettingsCtrl checks redirection to favorites Page" time="0.003" classname="PhantomJS_2_1_1_(Mac_OS_X_0_0_0).SettingsCtrl"/>
  <testcase name="SettingsCtrl SettingsCtrl checks redirection to AllEvents Page" time="0.003" classname="PhantomJS_2_1_1_(Mac_OS_X_0_0_0).SettingsCtrl"/>
  <testcase name="SettingsCtrl SettingsCtrl checks redirection to Event List Page" time="0.003" classname="PhantomJS_2_1_1_(Mac_OS_X_0_0_0).SettingsCtrl"/>
  <system-out>
    <![CDATA[PhantomJS 2.1.1 (Mac OS X 0.0.0) LOG: 'all Events controller'
,PhantomJS 2.1.1 (Mac OS X 0.0.0) LOG: 'inside alterFavourite'
,PhantomJS 2.1.1 (Mac OS X 0.0.0) LOG: 'true yes'
,PhantomJS 2.1.1 (Mac OS X 0.0.0) LOG: 'all Events controller'
,PhantomJS 2.1.1 (Mac OS X 0.0.0) LOG: 'inside alterFavourite'
,PhantomJS 2.1.1 (Mac OS X 0.0.0) LOG: 'true yes'
,PhantomJS 2.1.1 (Mac OS X 0.0.0) LOG: 'all Events controller'
,PhantomJS 2.1.1 (Mac OS X 0.0.0) LOG: 'inside alterFavourite'
,PhantomJS 2.1.1 (Mac OS X 0.0.0) LOG: 'true no'
,PhantomJS 2.1.1 (Mac OS X 0.0.0) LOG: 'all Events controller'
,PhantomJS 2.1.1 (Mac OS X 0.0.0) LOG: 'inside alterFavourite'
,PhantomJS 2.1.1 (Mac OS X 0.0.0) LOG: 'favorite controller'
,PhantomJS 2.1.1 (Mac OS X 0.0.0) LOG: 'inside alterFavourite'
,PhantomJS 2.1.1 (Mac OS X 0.0.0) LOG: 'true yes'
,PhantomJS 2.1.1 (Mac OS X 0.0.0) LOG: 'favorite controller'
,PhantomJS 2.1.1 (Mac OS X 0.0.0) LOG: 'inside alterFavourite'
,PhantomJS 2.1.1 (Mac OS X 0.0.0) LOG: 'true yes'
,PhantomJS 2.1.1 (Mac OS X 0.0.0) LOG: 'favorite controller'
,PhantomJS 2.1.1 (Mac OS X 0.0.0) LOG: 'inside alterFavourite'
,PhantomJS 2.1.1 (Mac OS X 0.0.0) LOG: 'true no'
,PhantomJS 2.1.1 (Mac OS X 0.0.0) LOG: 'favorite controller'
,PhantomJS 2.1.1 (Mac OS X 0.0.0) LOG: 'inside alterFavourite'
,PhantomJS 2.1.1 (Mac OS X 0.0.0) LOG: 'inside login controller'
,PhantomJS 2.1.1 (Mac OS X 0.0.0) LOG: 'inside signin function'
,PhantomJS 2.1.1 (Mac OS X 0.0.0) LOG: 'Mock transition to: event'
,PhantomJS 2.1.1 (Mac OS X 0.0.0) LOG: 'inside login controller'
,PhantomJS 2.1.1 (Mac OS X 0.0.0) LOG: 'inside signin function'
,PhantomJS 2.1.1 (Mac OS X 0.0.0) LOG: 'Mock transition to: event'
,PhantomJS 2.1.1 (Mac OS X 0.0.0) LOG: 'inside login controller'
,PhantomJS 2.1.1 (Mac OS X 0.0.0) LOG: 'inside signin function'
,PhantomJS 2.1.1 (Mac OS X 0.0.0) LOG: 'Mock transition to: event'
,PhantomJS 2.1.1 (Mac OS X 0.0.0) LOG: 'inside login controller'
,PhantomJS 2.1.1 (Mac OS X 0.0.0) LOG: 'inside signin function'
,PhantomJS 2.1.1 (Mac OS X 0.0.0) LOG: 'inside login controller'
,PhantomJS 2.1.1 (Mac OS X 0.0.0) LOG: 'inside signin function'
,PhantomJS 2.1.1 (Mac OS X 0.0.0) LOG: 'inside login controller'
,PhantomJS 2.1.1 (Mac OS X 0.0.0) LOG: 'inside signin function'
,PhantomJS 2.1.1 (Mac OS X 0.0.0) LOG: 'inside login controller'
,PhantomJS 2.1.1 (Mac OS X 0.0.0) LOG: 'inside signin function'
,PhantomJS 2.1.1 (Mac OS X 0.0.0) LOG: 'inside settings controller'
,PhantomJS 2.1.1 (Mac OS X 0.0.0) LOG: 'Mock transition to: preferences.favorites'
,PhantomJS 2.1.1 (Mac OS X 0.0.0) LOG: 'inside settings controller'
,PhantomJS 2.1.1 (Mac OS X 0.0.0) LOG: 'Mock transition to: preferences.events'
,PhantomJS 2.1.1 (Mac OS X 0.0.0) LOG: 'inside settings controller'
,PhantomJS 2.1.1 (Mac OS X 0.0.0) LOG: 'Mock transition to: event'

]]>
  </system-out>
  <system-err/>
</testsuite>