<?xml version="1.0"?>
<testsuite name="PhantomJS 2.1.1 (Mac OS X 0.0.0)" package="" timestamp="2016-11-18T16:42:57" id="0" hostname="Niveditas-MacBook-Pro.local" tests="14" errors="0" failures="1" time="0.058">
  <properties>
    <property name="browser.fullName" value="Mozilla/5.0 (Macintosh; Intel Mac OS X) AppleWebKit/538.1 (KHTML, like Gecko) PhantomJS/2.1.1 Safari/538.1"/>
  </properties>
  <testcase name="EventController Event Controller checks if navigated to event details page " time="0.016" classname="PhantomJS_2_1_1_(Mac_OS_X_0_0_0).EventController"/>
  <testcase name="EventController Event Controller checks no navigation to event details page since event details id is wrong" time="0.005" classname="PhantomJS_2_1_1_(Mac_OS_X_0_0_0).EventController"/>
  <testcase name="EventController Event Controller checks no navigation to event details page since event details id is wrong" time="0.002" classname="PhantomJS_2_1_1_(Mac_OS_X_0_0_0).EventController"/>
  <testcase name="LoginCtrl Login Controller checks username and password validation " time="0.004" classname="PhantomJS_2_1_1_(Mac_OS_X_0_0_0).LoginCtrl"/>
  <testcase name="LoginCtrl Login Controller checks username and password validation " time="0.003" classname="PhantomJS_2_1_1_(Mac_OS_X_0_0_0).LoginCtrl"/>
  <testcase name="LoginCtrl Login Controller checks username and password validation " time="0.002" classname="PhantomJS_2_1_1_(Mac_OS_X_0_0_0).LoginCtrl"/>
  <testcase name="LoginCtrl Login Controller checks username and password validation " time="0.003" classname="PhantomJS_2_1_1_(Mac_OS_X_0_0_0).LoginCtrl"/>
  <testcase name="LoginCtrl Login Controller checks username and password validation " time="0.002" classname="PhantomJS_2_1_1_(Mac_OS_X_0_0_0).LoginCtrl"/>
  <testcase name="LoginCtrl Login Controller checks username and password validation " time="0.003" classname="PhantomJS_2_1_1_(Mac_OS_X_0_0_0).LoginCtrl"/>
  <testcase name="LoginCtrl Login Controller checks username and password validation " time="0.003" classname="PhantomJS_2_1_1_(Mac_OS_X_0_0_0).LoginCtrl"/>
  <testcase name="SettingsCtrl SettingsCtrl checks redirection to favorites Page" time="0.005" classname="PhantomJS_2_1_1_(Mac_OS_X_0_0_0).SettingsCtrl"/>
  <testcase name="SettingsCtrl SettingsCtrl checks redirection to AllEvents Page" time="0.004" classname="PhantomJS_2_1_1_(Mac_OS_X_0_0_0).SettingsCtrl"/>
  <testcase name="SettingsCtrl SettingsCtrl checks redirection to Event List Page" time="0.002" classname="PhantomJS_2_1_1_(Mac_OS_X_0_0_0).SettingsCtrl"/>
  <testcase name="SettingsCtrl SettingsCtrl checks notification toggle changing" time="0.004" classname="PhantomJS_2_1_1_(Mac_OS_X_0_0_0).SettingsCtrl">
    <failure type="">Expected true to equal false.
</failure>
    <failure type="">www/tests/settings_test.js:9:9375
</failure>
  </testcase>
  <system-out>
    <![CDATA[PhantomJS 2.1.1 (Mac OS X 0.0.0) LOG: 'inside events controller'
,PhantomJS 2.1.1 (Mac OS X 0.0.0) LOG: 'inside eventClick'
,PhantomJS 2.1.1 (Mac OS X 0.0.0) LOG: 'Mock transition to: eventDetails'
,PhantomJS 2.1.1 (Mac OS X 0.0.0) LOG: 'inside events controller'
,PhantomJS 2.1.1 (Mac OS X 0.0.0) LOG: 'inside eventClick'
,PhantomJS 2.1.1 (Mac OS X 0.0.0) LOG: 'inside events controller'
,PhantomJS 2.1.1 (Mac OS X 0.0.0) LOG: 'inside eventClick'
,PhantomJS 2.1.1 (Mac OS X 0.0.0) LOG: 'inside login controller'
,PhantomJS 2.1.1 (Mac OS X 0.0.0) LOG: 'inside signin function'
,PhantomJS 2.1.1 (Mac OS X 0.0.0) LOG: 'Mock transition to: event'
,PhantomJS 2.1.1 (Mac OS X 0.0.0) LOG: 'inside login controller'
,PhantomJS 2.1.1 (Mac OS X 0.0.0) LOG: 'inside signin function'
,PhantomJS 2.1.1 (Mac OS X 0.0.0) LOG: 'Mock transition to: event'
,PhantomJS 2.1.1 (Mac OS X 0.0.0) LOG: 'inside login controller'
,PhantomJS 2.1.1 (Mac OS X 0.0.0) LOG: 'inside signin function'
,PhantomJS 2.1.1 (Mac OS X 0.0.0) LOG: 'Mock transition to: event'
,PhantomJS 2.1.1 (Mac OS X 0.0.0) LOG: 'inside login controller'
,PhantomJS 2.1.1 (Mac OS X 0.0.0) LOG: 'inside signin function'
,PhantomJS 2.1.1 (Mac OS X 0.0.0) LOG: 'inside login controller'
,PhantomJS 2.1.1 (Mac OS X 0.0.0) LOG: 'inside signin function'
,PhantomJS 2.1.1 (Mac OS X 0.0.0) LOG: 'inside login controller'
,PhantomJS 2.1.1 (Mac OS X 0.0.0) LOG: 'inside signin function'
,PhantomJS 2.1.1 (Mac OS X 0.0.0) LOG: 'inside login controller'
,PhantomJS 2.1.1 (Mac OS X 0.0.0) LOG: 'inside signin function'
,PhantomJS 2.1.1 (Mac OS X 0.0.0) LOG: 'inside settings controller'
,PhantomJS 2.1.1 (Mac OS X 0.0.0) LOG: 'Mock transition to: preferences.favorites'
,PhantomJS 2.1.1 (Mac OS X 0.0.0) LOG: 'inside settings controller'
,PhantomJS 2.1.1 (Mac OS X 0.0.0) LOG: 'Mock transition to: preferences.events'
,PhantomJS 2.1.1 (Mac OS X 0.0.0) LOG: 'inside settings controller'
,PhantomJS 2.1.1 (Mac OS X 0.0.0) LOG: 'Mock transition to: event'
,PhantomJS 2.1.1 (Mac OS X 0.0.0) LOG: 'inside settings controller'
,PhantomJS 2.1.1 (Mac OS X 0.0.0) LOG: 'notification true'

]]>
  </system-out>
  <system-err/>
</testsuite>